starting build

**********************************************************************

Test build
build xv6 using make

**********************************************************************
Trying to clean project using make clean
make clean
make: *** No rule to make target 'clean'.  Stop.
Trying to build project using make
make
make: *** No targets specified and no makefile found.  Stop.


test build FAILED
 (build xv6 using make)
 file 'proc.o' exists after make clean, removing
 file 'vm.o' exists after make clean, removing
 file 'syscall.o' exists after make clean, removing
 file 'bootasm.o' exists after make clean, removing
 file 'bootmain.o' exists after make clean, removing
 file 'bio.o' exists after make clean, removing
 file 'console.o' exists after make clean, removing
 file 'exec.o' exists after make clean, removing
 file 'file.o' exists after make clean, removing
 file 'fs.o' exists after make clean, removing
 file 'ide.o' exists after make clean, removing
 file 'ioapic.o' exists after make clean, removing
 file 'kalloc.o' exists after make clean, removing
 file 'kbd.o' exists after make clean, removing
 file 'lapic.o' exists after make clean, removing
 file 'main.o' exists after make clean, removing
 file 'mp.o' exists after make clean, removing
 file 'picirq.o' exists after make clean, removing
 file 'pipe.o' exists after make clean, removing
 file 'spinlock.o' exists after make clean, removing
 file 'string.o' exists after make clean, removing
 file 'swtch.o' exists after make clean, removing
 file 'sysfile.o' exists after make clean, removing
 file 'sysproc.o' exists after make clean, removing
 file 'timer.o' exists after make clean, removing
 file 'trapasm.o' exists after make clean, removing
 file 'trap.o' exists after make clean, removing
 file 'uart.o' exists after make clean, removing
 file 'vectors.o' exists after make clean, removing
 file 'multiboot.o' exists after make clean, removing
 file 'data.o' exists after make clean, removing
 file 'bootother.o' exists after make clean, removing
 file 'initcode.o' exists after make clean, removing
 make failed (error 2)
 required file 'xv6.img' does not exist after make
 required file 'fs.img' does not exist after make

starting null

**********************************************************************

Test null
null pointer dereference should kill process

**********************************************************************
Running xv6 user progam /u/c/s/cs537-1/tests/p3b/ctests/null.c
IOError: [Errno 2] No such file or directory: '/tmp/tmp0EJoEI/p/user/tester.c'


test null FAILED (0 of 10)
 (null pointer dereference should kill process)
 Unexpected exception [Errno 2] No such file or directory: '/tmp/tmp0EJoEI/p/user/tester.c'

starting null2

**********************************************************************

Test null2
any dereference from first two pages should fault

**********************************************************************
Running xv6 user progam /u/c/s/cs537-1/tests/p3b/ctests/null2.c
IOError: [Errno 2] No such file or directory: '/tmp/tmp0EJoEI/p/user/tester.c'


test null2 FAILED (0 of 10)
 (any dereference from first two pages should fault)
 Unexpected exception [Errno 2] No such file or directory: '/tmp/tmp0EJoEI/p/user/tester.c'

starting null3

**********************************************************************

Test null3
any dereference from first two pages should fault

**********************************************************************
Running xv6 user progam /u/c/s/cs537-1/tests/p3b/ctests/null3.c
IOError: [Errno 2] No such file or directory: '/tmp/tmp0EJoEI/p/user/tester.c'


test null3 FAILED (0 of 5)
 (any dereference from first two pages should fault)
 Unexpected exception [Errno 2] No such file or directory: '/tmp/tmp0EJoEI/p/user/tester.c'

starting null4

**********************************************************************

Test null4
any dereference from first two pages should fault

**********************************************************************
Running xv6 user progam /u/c/s/cs537-1/tests/p3b/ctests/null4.c
IOError: [Errno 2] No such file or directory: '/tmp/tmp0EJoEI/p/user/tester.c'


test null4 FAILED (0 of 5)
 (any dereference from first two pages should fault)
 Unexpected exception [Errno 2] No such file or directory: '/tmp/tmp0EJoEI/p/user/tester.c'

starting bounds

**********************************************************************

Test bounds
syscall argument checks (null page, code/heap boundaries)

**********************************************************************
Running xv6 user progam /u/c/s/cs537-1/tests/p3b/ctests/bounds.c
IOError: [Errno 2] No such file or directory: '/tmp/tmp0EJoEI/p/user/tester.c'


test bounds FAILED (0 of 10)
 (syscall argument checks (null page, code/heap boundaries))
 Unexpected exception [Errno 2] No such file or directory: '/tmp/tmp0EJoEI/p/user/tester.c'

starting stack

**********************************************************************

Test stack
stack should be at high end of address space

**********************************************************************
Running xv6 user progam /u/c/s/cs537-1/tests/p3b/ctests/stack.c
IOError: [Errno 2] No such file or directory: '/tmp/tmp0EJoEI/p/user/tester.c'


test stack FAILED (0 of 10)
 (stack should be at high end of address space)
 Unexpected exception [Errno 2] No such file or directory: '/tmp/tmp0EJoEI/p/user/tester.c'

starting bounds2

**********************************************************************

Test bounds2
syscall argument checks (stack boundaries)

**********************************************************************
Running xv6 user progam /u/c/s/cs537-1/tests/p3b/ctests/bounds2.c
IOError: [Errno 2] No such file or directory: '/tmp/tmp0EJoEI/p/user/tester.c'


test bounds2 FAILED (0 of 5)
 (syscall argument checks (stack boundaries))
 Unexpected exception [Errno 2] No such file or directory: '/tmp/tmp0EJoEI/p/user/tester.c'

starting bounds_str

**********************************************************************

Test bounds_str
syscall argument checks (string arg)

**********************************************************************
Running xv6 user progam /u/c/s/cs537-1/tests/p3b/ctests/bounds_str.c
IOError: [Errno 2] No such file or directory: '/tmp/tmp0EJoEI/p/user/tester.c'


test bounds_str FAILED (0 of 10)
 (syscall argument checks (string arg))
 Unexpected exception [Errno 2] No such file or directory: '/tmp/tmp0EJoEI/p/user/tester.c'

starting heap

**********************************************************************

Test heap
heap can grow to 5 pages below stack, but not more

**********************************************************************
Running xv6 user progam /u/c/s/cs537-1/tests/p3b/ctests/heap.c
IOError: [Errno 2] No such file or directory: '/tmp/tmp0EJoEI/p/user/tester.c'


test heap FAILED (0 of 10)
 (heap can grow to 5 pages below stack, but not more)
 Unexpected exception [Errno 2] No such file or directory: '/tmp/tmp0EJoEI/p/user/tester.c'

starting stack2

**********************************************************************

Test stack2
stack should grow automatically on a page fault, until 5 pages above heap

**********************************************************************
Running xv6 user progam /u/c/s/cs537-1/tests/p3b/ctests/stack2.c
IOError: [Errno 2] No such file or directory: '/tmp/tmp0EJoEI/p/user/tester.c'


test stack2 FAILED (0 of 5)
 (stack should grow automatically on a page fault, until 5 pages above heap)
 Unexpected exception [Errno 2] No such file or directory: '/tmp/tmp0EJoEI/p/user/tester.c'

starting bounds3

**********************************************************************

Test bounds3
syscall argument checks (dynamic stack boundaries)

**********************************************************************
Running xv6 user progam /u/c/s/cs537-1/tests/p3b/ctests/bounds3.c
IOError: [Errno 2] No such file or directory: '/tmp/tmp0EJoEI/p/user/tester.c'


test bounds3 FAILED (0 of 3)
 (syscall argument checks (dynamic stack boundaries))
 Unexpected exception [Errno 2] No such file or directory: '/tmp/tmp0EJoEI/p/user/tester.c'

starting stack3

**********************************************************************

Test stack3
stack should only grow one page at a time

**********************************************************************
Running xv6 user progam /u/c/s/cs537-1/tests/p3b/ctests/stack3.c
IOError: [Errno 2] No such file or directory: '/tmp/tmp0EJoEI/p/user/tester.c'


test stack3 FAILED (0 of 2)
 (stack should only grow one page at a time)
 Unexpected exception [Errno 2] No such file or directory: '/tmp/tmp0EJoEI/p/user/tester.c'

starting stack4

**********************************************************************

Test stack4
stack should not grow into 5 pages above heap (program must terminate)

**********************************************************************
Running xv6 user progam /u/c/s/cs537-1/tests/p3b/ctests/stack4.c
IOError: [Errno 2] No such file or directory: '/tmp/tmp0EJoEI/p/user/tester.c'


test stack4 FAILED (0 of 5)
 (stack should not grow into 5 pages above heap (program must terminate))
 Unexpected exception [Errno 2] No such file or directory: '/tmp/tmp0EJoEI/p/user/tester.c'

starting stack5

**********************************************************************

Test stack5
stack and heap grow together, reserving 5 pages in between

**********************************************************************
Running xv6 user progam /u/c/s/cs537-1/tests/p3b/ctests/stack5.c
IOError: [Errno 2] No such file or directory: '/tmp/tmp0EJoEI/p/user/tester.c'


test stack5 FAILED (0 of 5)
 (stack and heap grow together, reserving 5 pages in between)
 Unexpected exception [Errno 2] No such file or directory: '/tmp/tmp0EJoEI/p/user/tester.c'

starting shmem_invalidpg

**********************************************************************

Test shmem_invalidpg
nclude "types.h"

**********************************************************************
Running xv6 user progam /u/c/s/cs537-1/tests/p3b/ctests/shmem_invalidpg.c
IOError: [Errno 2] No such file or directory: '/tmp/tmp0EJoEI/p/user/tester.c'


test shmem_invalidpg FAILED (0 of 5)
 (nclude "types.h")
 Unexpected exception [Errno 2] No such file or directory: '/tmp/tmp0EJoEI/p/user/tester.c'

starting shmem_access_communication

**********************************************************************

Test shmem_access_communication
nclude "types.h"

**********************************************************************
Running xv6 user progam /u/c/s/cs537-1/tests/p3b/ctests/shmem_access_communication.c
IOError: [Errno 2] No such file or directory: '/tmp/tmp0EJoEI/p/user/tester.c'


test shmem_access_communication FAILED (0 of 5)
 (nclude "types.h")
 Unexpected exception [Errno 2] No such file or directory: '/tmp/tmp0EJoEI/p/user/tester.c'

starting shmem_fork

**********************************************************************

Test shmem_fork
nclude "types.h"

**********************************************************************
Running xv6 user progam /u/c/s/cs537-1/tests/p3b/ctests/shmem_fork.c
IOError: [Errno 2] No such file or directory: '/tmp/tmp0EJoEI/p/user/tester.c'


test shmem_fork FAILED (0 of 5)
 (nclude "types.h")
 Unexpected exception [Errno 2] No such file or directory: '/tmp/tmp0EJoEI/p/user/tester.c'

starting shmem_access_exec2

**********************************************************************

Test shmem_access_exec2
nclude "types.h"

**********************************************************************
Running xv6 user progam /u/c/s/cs537-1/tests/p3b/ctests/shmem_access_exec2.c
IOError: [Errno 2] No such file or directory: '/tmp/tmp0EJoEI/p/user/tester.c'


test shmem_access_exec2 FAILED (0 of 5)
 (nclude "types.h")
 Unexpected exception [Errno 2] No such file or directory: '/tmp/tmp0EJoEI/p/user/tester.c'

starting shmem_access_exec

**********************************************************************

Test shmem_access_exec
nclude "types.h"

**********************************************************************
Running xv6 user progam /u/c/s/cs537-1/tests/p3b/ctests/shmem_access_exec.c
IOError: [Errno 2] No such file or directory: '/tmp/tmp0EJoEI/p/user/tester.c'


test shmem_access_exec FAILED (0 of 5)
 (nclude "types.h")
 Unexpected exception [Errno 2] No such file or directory: '/tmp/tmp0EJoEI/p/user/tester.c'

starting shmem_bound

**********************************************************************

Test shmem_bound
nclude "types.h"

**********************************************************************
Running xv6 user progam /u/c/s/cs537-1/tests/p3b/ctests/shmem_bound.c
IOError: [Errno 2] No such file or directory: '/tmp/tmp0EJoEI/p/user/tester.c'


test shmem_bound FAILED (0 of 5)
 (nclude "types.h")
 Unexpected exception [Errno 2] No such file or directory: '/tmp/tmp0EJoEI/p/user/tester.c'

starting shmem_rw

**********************************************************************

Test shmem_rw
nclude "types.h"

**********************************************************************
Running xv6 user progam /u/c/s/cs537-1/tests/p3b/ctests/shmem_rw.c
IOError: [Errno 2] No such file or directory: '/tmp/tmp0EJoEI/p/user/tester.c'


test shmem_rw FAILED (0 of 5)
 (nclude "types.h")
 Unexpected exception [Errno 2] No such file or directory: '/tmp/tmp0EJoEI/p/user/tester.c'

starting shmem_access_persistent

**********************************************************************

Test shmem_access_persistent
nclude "types.h"

**********************************************************************
Running xv6 user progam /u/c/s/cs537-1/tests/p3b/ctests/shmem_access_persistent.c
IOError: [Errno 2] No such file or directory: '/tmp/tmp0EJoEI/p/user/tester.c'


test shmem_access_persistent FAILED (0 of 5)
 (nclude "types.h")
 Unexpected exception [Errno 2] No such file or directory: '/tmp/tmp0EJoEI/p/user/tester.c'

**********************************************************************
Summary:
test build FAILED
 (build xv6 using make)
 file 'proc.o' exists after make clean, removing
 file 'vm.o' exists after make clean, removing
 file 'syscall.o' exists after make clean, removing
 file 'bootasm.o' exists after make clean, removing
 file 'bootmain.o' exists after make clean, removing
 file 'bio.o' exists after make clean, removing
 file 'console.o' exists after make clean, removing
 file 'exec.o' exists after make clean, removing
 file 'file.o' exists after make clean, removing
 file 'fs.o' exists after make clean, removing
 file 'ide.o' exists after make clean, removing
 file 'ioapic.o' exists after make clean, removing
 file 'kalloc.o' exists after make clean, removing
 file 'kbd.o' exists after make clean, removing
 file 'lapic.o' exists after make clean, removing
 file 'main.o' exists after make clean, removing
 file 'mp.o' exists after make clean, removing
 file 'picirq.o' exists after make clean, removing
 file 'pipe.o' exists after make clean, removing
 file 'spinlock.o' exists after make clean, removing
 file 'string.o' exists after make clean, removing
 file 'swtch.o' exists after make clean, removing
 file 'sysfile.o' exists after make clean, removing
 file 'sysproc.o' exists after make clean, removing
 file 'timer.o' exists after make clean, removing
 file 'trapasm.o' exists after make clean, removing
 file 'trap.o' exists after make clean, removing
 file 'uart.o' exists after make clean, removing
 file 'vectors.o' exists after make clean, removing
 file 'multiboot.o' exists after make clean, removing
 file 'data.o' exists after make clean, removing
 file 'bootother.o' exists after make clean, removing
 file 'initcode.o' exists after make clean, removing
 make failed (error 2)
 required file 'xv6.img' does not exist after make
 required file 'fs.img' does not exist after make

test null FAILED (0 of 10)
 (null pointer dereference should kill process)
 Unexpected exception [Errno 2] No such file or directory: '/tmp/tmp0EJoEI/p/user/tester.c'

test null2 FAILED (0 of 10)
 (any dereference from first two pages should fault)
 Unexpected exception [Errno 2] No such file or directory: '/tmp/tmp0EJoEI/p/user/tester.c'

test null3 FAILED (0 of 5)
 (any dereference from first two pages should fault)
 Unexpected exception [Errno 2] No such file or directory: '/tmp/tmp0EJoEI/p/user/tester.c'

test null4 FAILED (0 of 5)
 (any dereference from first two pages should fault)
 Unexpected exception [Errno 2] No such file or directory: '/tmp/tmp0EJoEI/p/user/tester.c'

test bounds FAILED (0 of 10)
 (syscall argument checks (null page, code/heap boundaries))
 Unexpected exception [Errno 2] No such file or directory: '/tmp/tmp0EJoEI/p/user/tester.c'

test stack FAILED (0 of 10)
 (stack should be at high end of address space)
 Unexpected exception [Errno 2] No such file or directory: '/tmp/tmp0EJoEI/p/user/tester.c'

test bounds2 FAILED (0 of 5)
 (syscall argument checks (stack boundaries))
 Unexpected exception [Errno 2] No such file or directory: '/tmp/tmp0EJoEI/p/user/tester.c'

test bounds_str FAILED (0 of 10)
 (syscall argument checks (string arg))
 Unexpected exception [Errno 2] No such file or directory: '/tmp/tmp0EJoEI/p/user/tester.c'

test heap FAILED (0 of 10)
 (heap can grow to 5 pages below stack, but not more)
 Unexpected exception [Errno 2] No such file or directory: '/tmp/tmp0EJoEI/p/user/tester.c'

test stack2 FAILED (0 of 5)
 (stack should grow automatically on a page fault, until 5 pages above heap)
 Unexpected exception [Errno 2] No such file or directory: '/tmp/tmp0EJoEI/p/user/tester.c'

test bounds3 FAILED (0 of 3)
 (syscall argument checks (dynamic stack boundaries))
 Unexpected exception [Errno 2] No such file or directory: '/tmp/tmp0EJoEI/p/user/tester.c'

test stack3 FAILED (0 of 2)
 (stack should only grow one page at a time)
 Unexpected exception [Errno 2] No such file or directory: '/tmp/tmp0EJoEI/p/user/tester.c'

test stack4 FAILED (0 of 5)
 (stack should not grow into 5 pages above heap (program must terminate))
 Unexpected exception [Errno 2] No such file or directory: '/tmp/tmp0EJoEI/p/user/tester.c'

test stack5 FAILED (0 of 5)
 (stack and heap grow together, reserving 5 pages in between)
 Unexpected exception [Errno 2] No such file or directory: '/tmp/tmp0EJoEI/p/user/tester.c'

test shmem_invalidpg FAILED (0 of 5)
 (nclude "types.h")
 Unexpected exception [Errno 2] No such file or directory: '/tmp/tmp0EJoEI/p/user/tester.c'

test shmem_access_communication FAILED (0 of 5)
 (nclude "types.h")
 Unexpected exception [Errno 2] No such file or directory: '/tmp/tmp0EJoEI/p/user/tester.c'

test shmem_fork FAILED (0 of 5)
 (nclude "types.h")
 Unexpected exception [Errno 2] No such file or directory: '/tmp/tmp0EJoEI/p/user/tester.c'

test shmem_access_exec2 FAILED (0 of 5)
 (nclude "types.h")
 Unexpected exception [Errno 2] No such file or directory: '/tmp/tmp0EJoEI/p/user/tester.c'

test shmem_access_exec FAILED (0 of 5)
 (nclude "types.h")
 Unexpected exception [Errno 2] No such file or directory: '/tmp/tmp0EJoEI/p/user/tester.c'

test shmem_bound FAILED (0 of 5)
 (nclude "types.h")
 Unexpected exception [Errno 2] No such file or directory: '/tmp/tmp0EJoEI/p/user/tester.c'

test shmem_rw FAILED (0 of 5)
 (nclude "types.h")
 Unexpected exception [Errno 2] No such file or directory: '/tmp/tmp0EJoEI/p/user/tester.c'

test shmem_access_persistent FAILED (0 of 5)
 (nclude "types.h")
 Unexpected exception [Errno 2] No such file or directory: '/tmp/tmp0EJoEI/p/user/tester.c'

Passed 0 of 23 tests.
Overall 0 of 23
Points 0 of 135
